0 info it worked if it ends with ok
1 verbose cli [ '/usr/bin/nodejs', '/usr/bin/npm', 'install', 'yarn', '-g' ]
2 info using npm@2.15.11
3 info using node@v4.7.0
4 verbose install initial load of /usr/lib/package.json
5 verbose readDependencies loading dependencies from /usr/lib/package.json
6 silly cache add args [ 'yarn', null ]
7 verbose cache add spec yarn
8 silly cache add parsed spec Result {
8 silly cache add   raw: 'yarn',
8 silly cache add   scope: null,
8 silly cache add   name: 'yarn',
8 silly cache add   rawSpec: '',
8 silly cache add   spec: 'latest',
8 silly cache add   type: 'tag' }
9 silly addNamed yarn@latest
10 verbose addNamed "latest" is being treated as a dist-tag for yarn
11 info addNameTag [ 'yarn', 'latest' ]
12 silly mapToRegistry name yarn
13 silly mapToRegistry using default registry
14 silly mapToRegistry registry https://registry.npmjs.org/
15 silly mapToRegistry data Result {
15 silly mapToRegistry   raw: 'yarn',
15 silly mapToRegistry   scope: null,
15 silly mapToRegistry   name: 'yarn',
15 silly mapToRegistry   rawSpec: '',
15 silly mapToRegistry   spec: 'latest',
15 silly mapToRegistry   type: 'tag' }
16 silly mapToRegistry uri https://registry.npmjs.org/yarn
17 verbose addNameTag registry:https://registry.npmjs.org/yarn not in flight; fetching
18 verbose request uri https://registry.npmjs.org/yarn
19 verbose request no auth needed
20 info attempt registry request try #1 at 2:34:09 PM
21 verbose request id 4deca5cc1edf8d73
22 http request GET https://registry.npmjs.org/yarn
23 http 200 https://registry.npmjs.org/yarn
24 verbose headers { server: 'nginx/1.10.1',
24 verbose headers   'content-type': 'application/json',
24 verbose headers   'last-modified': 'Thu, 28 Sep 2017 09:20:37 GMT',
24 verbose headers   etag: 'W/"59ccbee5-31587"',
24 verbose headers   'content-encoding': 'gzip',
24 verbose headers   'cache-control': 'max-age=300',
24 verbose headers   'content-length': '11804',
24 verbose headers   'accept-ranges': 'bytes',
24 verbose headers   date: 'Tue, 03 Oct 2017 18:34:09 GMT',
24 verbose headers   via: '1.1 varnish',
24 verbose headers   age: '118',
24 verbose headers   connection: 'keep-alive',
24 verbose headers   'x-served-by': 'cache-dca17736-DCA',
24 verbose headers   'x-cache': 'HIT',
24 verbose headers   'x-cache-hits': '2',
24 verbose headers   'x-timer': 'S1507055649.403322,VS0,VE0',
24 verbose headers   vary: 'Accept-Encoding, Accept' }
25 silly get cb [ 200,
25 silly get   { server: 'nginx/1.10.1',
25 silly get     'content-type': 'application/json',
25 silly get     'last-modified': 'Thu, 28 Sep 2017 09:20:37 GMT',
25 silly get     etag: 'W/"59ccbee5-31587"',
25 silly get     'content-encoding': 'gzip',
25 silly get     'cache-control': 'max-age=300',
25 silly get     'content-length': '11804',
25 silly get     'accept-ranges': 'bytes',
25 silly get     date: 'Tue, 03 Oct 2017 18:34:09 GMT',
25 silly get     via: '1.1 varnish',
25 silly get     age: '118',
25 silly get     connection: 'keep-alive',
25 silly get     'x-served-by': 'cache-dca17736-DCA',
25 silly get     'x-cache': 'HIT',
25 silly get     'x-cache-hits': '2',
25 silly get     'x-timer': 'S1507055649.403322,VS0,VE0',
25 silly get     vary: 'Accept-Encoding, Accept' } ]
26 verbose get saving yarn to /home/dovico/.npm/registry.npmjs.org/yarn/.cache.json
27 verbose correctMkdir /home/dovico/.npm correctMkdir not in flight; initializing
28 silly addNameTag next cb for yarn with tag latest
29 silly addNamed yarn@1.1.0
30 verbose addNamed "1.1.0" is a plain semver version for yarn
31 silly mapToRegistry name yarn
32 silly mapToRegistry using default registry
33 silly mapToRegistry registry https://registry.npmjs.org/
34 silly mapToRegistry data Result {
34 silly mapToRegistry   raw: 'yarn',
34 silly mapToRegistry   scope: null,
34 silly mapToRegistry   name: 'yarn',
34 silly mapToRegistry   rawSpec: '',
34 silly mapToRegistry   spec: 'latest',
34 silly mapToRegistry   type: 'tag' }
35 silly mapToRegistry uri https://registry.npmjs.org/yarn
36 verbose addRemoteTarball https://registry.npmjs.org/yarn/-/yarn-1.1.0.tgz not in flight; adding
37 verbose addRemoteTarball [ 'https://registry.npmjs.org/yarn/-/yarn-1.1.0.tgz',
37 verbose addRemoteTarball   'f2da9340490236b6c56de305b1c21a8a19c433c3' ]
38 info retry fetch attempt 1 at 2:34:09 PM
39 info attempt registry request try #1 at 2:34:09 PM
40 http fetch GET https://registry.npmjs.org/yarn/-/yarn-1.1.0.tgz
41 http fetch 200 https://registry.npmjs.org/yarn/-/yarn-1.1.0.tgz
42 silly fetchAndShaCheck shasum f2da9340490236b6c56de305b1c21a8a19c433c3
43 verbose addTmpTarball /tmp/npm-16983-c059bdb0/registry.npmjs.org/yarn/-/yarn-1.1.0.tgz not in flight; adding
44 verbose addTmpTarball already have metadata; skipping unpack for yarn@1.1.0
45 verbose correctMkdir /home/dovico/.npm correctMkdir not in flight; initializing
46 silly cache afterAdd yarn@1.1.0
47 verbose afterAdd /home/dovico/.npm/yarn/1.1.0/package/package.json not in flight; writing
48 verbose correctMkdir /home/dovico/.npm correctMkdir not in flight; initializing
49 verbose afterAdd /home/dovico/.npm/yarn/1.1.0/package/package.json written
50 silly install resolved [ { name: 'yarn',
50 silly install resolved     installationMethod: 'tar',
50 silly install resolved     version: '1.1.0',
50 silly install resolved     license: 'BSD-2-Clause',
50 silly install resolved     preferGlobal: true,
50 silly install resolved     description: 'ðŸ“¦ðŸˆ Fast, reliable, and secure dependency management.',
50 silly install resolved     engines: { node: '>=4.0.0' },
50 silly install resolved     repository: { type: 'git', url: 'git+https://github.com/yarnpkg/yarn.git' },
50 silly install resolved     bin: { yarn: './bin/yarn.js', yarnpkg: './bin/yarn.js' },
50 silly install resolved     bugs: { url: 'https://github.com/yarnpkg/yarn/issues' },
50 silly install resolved     homepage: 'https://github.com/yarnpkg/yarn#readme',
50 silly install resolved     _id: 'yarn@1.1.0',
50 silly install resolved     _shasum: 'f2da9340490236b6c56de305b1c21a8a19c433c3',
50 silly install resolved     _resolved: 'https://registry.npmjs.org/yarn/-/yarn-1.1.0.tgz',
50 silly install resolved     _from: 'yarn@latest',
50 silly install resolved     _npmVersion: '4.6.1',
50 silly install resolved     _nodeVersion: '8.5.0',
50 silly install resolved     _npmUser: { name: 'sebmck', email: 'sebmck@gmail.com' },
50 silly install resolved     dist:
50 silly install resolved      { shasum: 'f2da9340490236b6c56de305b1c21a8a19c433c3',
50 silly install resolved        tarball: 'https://registry.npmjs.org/yarn/-/yarn-1.1.0.tgz' },
50 silly install resolved     maintainers: [ [Object], [Object], [Object], [Object], [Object] ],
50 silly install resolved     _npmOperationalInternal:
50 silly install resolved      { host: 's3://npm-registry-packages',
50 silly install resolved        tmp: 'tmp/yarn-1.1.0.tgz_1506278037064_0.17479452281259' },
50 silly install resolved     directories: {} } ]
51 info install yarn@1.1.0 into /usr/lib
52 info installOne yarn@1.1.0
53 verbose installOne of yarn to /usr/lib not in flight; installing
54 verbose correctMkdir /home/dovico/.npm/_locks correctMkdir not in flight; initializing
55 verbose makeDirectory /home/dovico/.npm/_locks creation not in flight; initializing
56 silly makeDirectory /home/dovico/.npm/_locks uid: 1000 gid: 1000
57 verbose lock using /home/dovico/.npm/_locks/yarn-2c7ecc5d16f3d756.lock for /usr/lib/node_modules/yarn
58 silly install write writing yarn 1.1.0 to /usr/lib/node_modules/yarn
59 verbose unbuild lib/node_modules/yarn
60 silly gentlyRm /usr/lib/node_modules/yarn is being purged from base /usr
61 verbose gentlyRm don't care about contents; nuking /usr/lib/node_modules/yarn
62 verbose tar unpack /home/dovico/.npm/yarn/1.1.0/package.tgz
63 verbose tar unpacking to /usr/lib/node_modules/yarn
64 silly gentlyRm /usr/lib/node_modules/yarn is being purged
65 verbose gentlyRm don't care about contents; nuking /usr/lib/node_modules/yarn
66 silly gunzTarPerm modes [ '775', '664' ]
67 error tar.unpack untar error /home/dovico/.npm/yarn/1.1.0/package.tgz
68 verbose unlock done using /home/dovico/.npm/_locks/yarn-2c7ecc5d16f3d756.lock for /usr/lib/node_modules/yarn
69 verbose fstream_path /usr/lib/node_modules/yarn
70 verbose fstream_type Directory
71 verbose fstream_class DirWriter
72 verbose stack Error: EACCES: permission denied, mkdir '/usr/lib/node_modules/yarn'
72 verbose stack     at Error (native)
73 verbose fstream_stack /usr/lib/node_modules/npm/node_modules/fstream/lib/dir-writer.js:35:25
73 verbose fstream_stack /usr/lib/node_modules/npm/node_modules/mkdirp/index.js:47:53
73 verbose fstream_stack FSReqWrap.oncomplete (fs.js:82:15)
74 verbose cwd /home/dovico/Documents/portifolio
75 error Linux 4.4.0-96-generic
76 error argv "/usr/bin/nodejs" "/usr/bin/npm" "install" "yarn" "-g"
77 error node v4.7.0
78 error npm  v2.15.11
79 error path /usr/lib/node_modules/yarn
80 error code EACCES
81 error errno -13
82 error syscall mkdir
83 error Error: EACCES: permission denied, mkdir '/usr/lib/node_modules/yarn'
83 error     at Error (native)
83 error  { [Error: EACCES: permission denied, mkdir '/usr/lib/node_modules/yarn']
83 error   errno: -13,
83 error   code: 'EACCES',
83 error   syscall: 'mkdir',
83 error   path: '/usr/lib/node_modules/yarn',
83 error   fstream_type: 'Directory',
83 error   fstream_path: '/usr/lib/node_modules/yarn',
83 error   fstream_class: 'DirWriter',
83 error   fstream_stack:
83 error    [ '/usr/lib/node_modules/npm/node_modules/fstream/lib/dir-writer.js:35:25',
83 error      '/usr/lib/node_modules/npm/node_modules/mkdirp/index.js:47:53',
83 error      'FSReqWrap.oncomplete (fs.js:82:15)' ] }
84 error Please try running this command again as root/Administrator.
85 verbose exit [ -13, true ]
86 verbose unbuild lib/node_modules/yarn
87 silly gentlyRm /usr/lib/node_modules/yarn is being purged from base /usr
88 verbose gentlyRm don't care about contents; nuking /usr/lib/node_modules/yarn
